Initialize engine version: 5.6.1f1 (2860b30f0b54)
GfxDevice: creating device client; threaded=1
Direct3D:
    Version:  Direct3D 11.0 [level 11.0]
    Renderer: NVIDIA GeForce GTX 950M (ID=0x139a)
    Vendor:   NVIDIA
    VRAM:     3072 MB
    Driver:   22.21.13.8205
Begin MonoManager ReloadAssembly
Platform assembly: C:\Users\WolfFire\Documents\GitHub\RTS\Game_Data\Managed\UnityEngine.dll (this message is harmless)
Loading C:\Users\WolfFire\Documents\GitHub\RTS\Game_Data\Managed\UnityEngine.dll into Unity Child Domain
Platform assembly: C:\Users\WolfFire\Documents\GitHub\RTS\Game_Data\Managed\Assembly-CSharp.dll (this message is harmless)
Loading C:\Users\WolfFire\Documents\GitHub\RTS\Game_Data\Managed\Assembly-CSharp.dll into Unity Child Domain
Platform assembly: C:\Users\WolfFire\Documents\GitHub\RTS\Game_Data\Managed\UnityEngine.UI.dll (this message is harmless)
Loading C:\Users\WolfFire\Documents\GitHub\RTS\Game_Data\Managed\UnityEngine.UI.dll into Unity Child Domain
Platform assembly: C:\Users\WolfFire\Documents\GitHub\RTS\Game_Data\Managed\UnityEngine.Networking.dll (this message is harmless)
Loading C:\Users\WolfFire\Documents\GitHub\RTS\Game_Data\Managed\UnityEngine.Networking.dll into Unity Child Domain
Platform assembly: C:\Users\WolfFire\Documents\GitHub\RTS\Game_Data\Managed\UnityEngine.Analytics.dll (this message is harmless)
Loading C:\Users\WolfFire\Documents\GitHub\RTS\Game_Data\Managed\UnityEngine.Analytics.dll into Unity Child Domain
- Completed reload, in  0.056 seconds
Platform assembly: C:\Users\WolfFire\Documents\GitHub\RTS\Game_Data\Managed\System.Core.dll (this message is harmless)
Platform assembly: C:\Users\WolfFire\Documents\GitHub\RTS\Game_Data\Managed\System.dll (this message is harmless)
desktop: 1920x1080 60Hz; virtual: 1920x1080 at 0,0
<RI> Initializing input.
<RI> Input initialized.
<RI> Initialized touch support.
UnloadTime: 1.130476 ms
Setting up 2 worker threads for Enlighten.
  Thread -> id: 2514 -> priority: 1 
  Thread -> id: 4c54 -> priority: 1 
Standard turret purchased
 
(Filename: C:/buildslave/unity/build/artifacts/generated/common/runtime/DebugBindings.gen.cpp Line: 51)

Can't build there! - TODO: Display on screen.
 
(Filename: C:/buildslave/unity/build/artifacts/generated/common/runtime/DebugBindings.gen.cpp Line: 51)

Can't build there! - TODO: Display on screen.
 
(Filename: C:/buildslave/unity/build/artifacts/generated/common/runtime/DebugBindings.gen.cpp Line: 51)

Can't build there! - TODO: Display on screen.
 
(Filename: C:/buildslave/unity/build/artifacts/generated/common/runtime/DebugBindings.gen.cpp Line: 51)

Can't build there! - TODO: Display on screen.
 
(Filename: C:/buildslave/unity/build/artifacts/generated/common/runtime/DebugBindings.gen.cpp Line: 51)

Can't build there! - TODO: Display on screen.
 
(Filename: C:/buildslave/unity/build/artifacts/generated/common/runtime/DebugBindings.gen.cpp Line: 51)

Can't build there! - TODO: Display on screen.
 
(Filename: C:/buildslave/unity/build/artifacts/generated/common/runtime/DebugBindings.gen.cpp Line: 51)

Can't build there! - TODO: Display on screen.
 
(Filename: C:/buildslave/unity/build/artifacts/generated/common/runtime/DebugBindings.gen.cpp Line: 51)

Can't build there! - TODO: Display on screen.
 
(Filename: C:/buildslave/unity/build/artifacts/generated/common/runtime/DebugBindings.gen.cpp Line: 51)

Can't build there! - TODO: Display on screen.
 
(Filename: C:/buildslave/unity/build/artifacts/generated/common/runtime/DebugBindings.gen.cpp Line: 51)

Can't build there! - TODO: Display on screen.
 
(Filename: C:/buildslave/unity/build/artifacts/generated/common/runtime/DebugBindings.gen.cpp Line: 51)

Can't build there! - TODO: Display on screen.
 
(Filename: C:/buildslave/unity/build/artifacts/generated/common/runtime/DebugBindings.gen.cpp Line: 51)

Can't build there! - TODO: Display on screen.
 
(Filename: C:/buildslave/unity/build/artifacts/generated/common/runtime/DebugBindings.gen.cpp Line: 51)

Can't build there! - TODO: Display on screen.
 
(Filename: C:/buildslave/unity/build/artifacts/generated/common/runtime/DebugBindings.gen.cpp Line: 51)

Can't build there! - TODO: Display on screen.
 
(Filename: C:/buildslave/unity/build/artifacts/generated/common/runtime/DebugBindings.gen.cpp Line: 51)

Can't build there! - TODO: Display on screen.
 
(Filename: C:/buildslave/unity/build/artifacts/generated/common/runtime/DebugBindings.gen.cpp Line: 51)

Can't build there! - TODO: Display on screen.
 
(Filename: C:/buildslave/unity/build/artifacts/generated/common/runtime/DebugBindings.gen.cpp Line: 51)

Can't build there! - TODO: Display on screen.
 
(Filename: C:/buildslave/unity/build/artifacts/generated/common/runtime/DebugBindings.gen.cpp Line: 51)

Can't build there! - TODO: Display on screen.
 
(Filename: C:/buildslave/unity/build/artifacts/generated/common/runtime/DebugBindings.gen.cpp Line: 51)

Can't build there! - TODO: Display on screen.
 
(Filename: C:/buildslave/unity/build/artifacts/generated/common/runtime/DebugBindings.gen.cpp Line: 51)

Can't build there! - TODO: Display on screen.
 
(Filename: C:/buildslave/unity/build/artifacts/generated/common/runtime/DebugBindings.gen.cpp Line: 51)

Can't build there! - TODO: Display on screen.
 
(Filename: C:/buildslave/unity/build/artifacts/generated/common/runtime/DebugBindings.gen.cpp Line: 51)

Can't build there! - TODO: Display on screen.
 
(Filename: C:/buildslave/unity/build/artifacts/generated/common/runtime/DebugBindings.gen.cpp Line: 51)

Can't build there! - TODO: Display on screen.
 
(Filename: C:/buildslave/unity/build/artifacts/generated/common/runtime/DebugBindings.gen.cpp Line: 51)

Can't build there! - TODO: Display on screen.
 
(Filename: C:/buildslave/unity/build/artifacts/generated/common/runtime/DebugBindings.gen.cpp Line: 51)

Can't build there! - TODO: Display on screen.
 
(Filename: C:/buildslave/unity/build/artifacts/generated/common/runtime/DebugBindings.gen.cpp Line: 51)

Can't build there! - TODO: Display on screen.
 
(Filename: C:/buildslave/unity/build/artifacts/generated/common/runtime/DebugBindings.gen.cpp Line: 51)

Can't build there! - TODO: Display on screen.
 
(Filename: C:/buildslave/unity/build/artifacts/generated/common/runtime/DebugBindings.gen.cpp Line: 51)

Can't build there! - TODO: Display on screen.
 
(Filename: C:/buildslave/unity/build/artifacts/generated/common/runtime/DebugBindings.gen.cpp Line: 51)

Can't build there! - TODO: Display on screen.
 
(Filename: C:/buildslave/unity/build/artifacts/generated/common/runtime/DebugBindings.gen.cpp Line: 51)

Can't build there! - TODO: Display on screen.
 
(Filename: C:/buildslave/unity/build/artifacts/generated/common/runtime/DebugBindings.gen.cpp Line: 51)

Can't build there! - TODO: Display on screen.
 
(Filename: C:/buildslave/unity/build/artifacts/generated/common/runtime/DebugBindings.gen.cpp Line: 51)

Can't build there! - TODO: Display on screen.
 
(Filename: C:/buildslave/unity/build/artifacts/generated/common/runtime/DebugBindings.gen.cpp Line: 51)

Can't build there! - TODO: Display on screen.
 
(Filename: C:/buildslave/unity/build/artifacts/generated/common/runtime/DebugBindings.gen.cpp Line: 51)

Can't build there! - TODO: Display on screen.
 
(Filename: C:/buildslave/unity/build/artifacts/generated/common/runtime/DebugBindings.gen.cpp Line: 51)

Can't build there! - TODO: Display on screen.
 
(Filename: C:/buildslave/unity/build/artifacts/generated/common/runtime/DebugBindings.gen.cpp Line: 51)

Standard turret purchased
 
(Filename: C:/buildslave/unity/build/artifacts/generated/common/runtime/DebugBindings.gen.cpp Line: 51)

Can't build there! - TODO: Display on screen.
 
(Filename: C:/buildslave/unity/build/artifacts/generated/common/runtime/DebugBindings.gen.cpp Line: 51)

Can't build there! - TODO: Display on screen.
 
(Filename: C:/buildslave/unity/build/artifacts/generated/common/runtime/DebugBindings.gen.cpp Line: 51)

Can't build there! - TODO: Display on screen.
 
(Filename: C:/buildslave/unity/build/artifacts/generated/common/runtime/DebugBindings.gen.cpp Line: 51)

Can't build there! - TODO: Display on screen.
 
(Filename: C:/buildslave/unity/build/artifacts/generated/common/runtime/DebugBindings.gen.cpp Line: 51)

Can't build there! - TODO: Display on screen.
 
(Filename: C:/buildslave/unity/build/artifacts/generated/common/runtime/DebugBindings.gen.cpp Line: 51)

Can't build there! - TODO: Display on screen.
 
(Filename: C:/buildslave/unity/build/artifacts/generated/common/runtime/DebugBindings.gen.cpp Line: 51)

Standard turret purchased
 
(Filename: C:/buildslave/unity/build/artifacts/generated/common/runtime/DebugBindings.gen.cpp Line: 51)

Another turret purchased
 
(Filename: C:/buildslave/unity/build/artifacts/generated/common/runtime/DebugBindings.gen.cpp Line: 51)

ArgumentException: The Object you want to instantiate is null.
  at UnityEngine.Object.CheckNullArgument (System.Object arg, System.String message) [0x00000] in <filename unknown>:0 
  at UnityEngine.Object.Instantiate (UnityEngine.Object original, Vector3 position, Quaternion rotation) [0x00000] in <filename unknown>:0 
  at UnityEngine.Object.Instantiate[GameObject] (UnityEngine.GameObject original, Vector3 position, Quaternion rotation) [0x00000] in <filename unknown>:0 
  at Platform.OnMouseDown () [0x00000] in <filename unknown>:0 
UnityEngine.GameObject:SendMessage(String, Object, SendMessageOptions)
UnityEngine.HitInfo:SendMessage(String)
UnityEngine.SendMouseEvents:SendEvents(Int32, HitInfo)
UnityEngine.SendMouseEvents:DoSendMouseEvents(Int32)
 
(Filename:  Line: -1)

ArgumentException: The Object you want to instantiate is null.
  at UnityEngine.Object.CheckNullArgument (System.Object arg, System.String message) [0x00000] in <filename unknown>:0 
  at UnityEngine.Object.Instantiate (UnityEngine.Object original, Vector3 position, Quaternion rotation) [0x00000] in <filename unknown>:0 
  at UnityEngine.Object.Instantiate[GameObject] (UnityEngine.GameObject original, Vector3 position, Quaternion rotation) [0x00000] in <filename unknown>:0 
  at Platform.OnMouseDown () [0x00000] in <filename unknown>:0 
UnityEngine.GameObject:SendMessage(String, Object, SendMessageOptions)
UnityEngine.HitInfo:SendMessage(String)
UnityEngine.SendMouseEvents:SendEvents(Int32, HitInfo)
UnityEngine.SendMouseEvents:DoSendMouseEvents(Int32)
 
(Filename:  Line: -1)

ArgumentException: The Object you want to instantiate is null.
  at UnityEngine.Object.CheckNullArgument (System.Object arg, System.String message) [0x00000] in <filename unknown>:0 
  at UnityEngine.Object.Instantiate (UnityEngine.Object original, Vector3 position, Quaternion rotation) [0x00000] in <filename unknown>:0 
  at UnityEngine.Object.Instantiate[GameObject] (UnityEngine.GameObject original, Vector3 position, Quaternion rotation) [0x00000] in <filename unknown>:0 
  at Platform.OnMouseDown () [0x00000] in <filename unknown>:0 
UnityEngine.GameObject:SendMessage(String, Object, SendMessageOptions)
UnityEngine.HitInfo:SendMessage(String)
UnityEngine.SendMouseEvents:SendEvents(Int32, HitInfo)
UnityEngine.SendMouseEvents:DoSendMouseEvents(Int32)
 
(Filename:  Line: -1)

ArgumentException: The Object you want to instantiate is null.
  at UnityEngine.Object.CheckNullArgument (System.Object arg, System.String message) [0x00000] in <filename unknown>:0 
  at UnityEngine.Object.Instantiate (UnityEngine.Object original, Vector3 position, Quaternion rotation) [0x00000] in <filename unknown>:0 
  at UnityEngine.Object.Instantiate[GameObject] (UnityEngine.GameObject original, Vector3 position, Quaternion rotation) [0x00000] in <filename unknown>:0 
  at Platform.OnMouseDown () [0x00000] in <filename unknown>:0 
UnityEngine.GameObject:SendMessage(String, Object, SendMessageOptions)
UnityEngine.HitInfo:SendMessage(String)
UnityEngine.SendMouseEvents:SendEvents(Int32, HitInfo)
UnityEngine.SendMouseEvents:DoSendMouseEvents(Int32)
 
(Filename:  Line: -1)

ArgumentException: The Object you want to instantiate is null.
  at UnityEngine.Object.CheckNullArgument (System.Object arg, System.String message) [0x00000] in <filename unknown>:0 
  at UnityEngine.Object.Instantiate (UnityEngine.Object original, Vector3 position, Quaternion rotation) [0x00000] in <filename unknown>:0 
  at UnityEngine.Object.Instantiate[GameObject] (UnityEngine.GameObject original, Vector3 position, Quaternion rotation) [0x00000] in <filename unknown>:0 
  at Platform.OnMouseDown () [0x00000] in <filename unknown>:0 
UnityEngine.GameObject:SendMessage(String, Object, SendMessageOptions)
UnityEngine.HitInfo:SendMessage(String)
UnityEngine.SendMouseEvents:SendEvents(Int32, HitInfo)
UnityEngine.SendMouseEvents:DoSendMouseEvents(Int32)
 
(Filename:  Line: -1)

ArgumentException: The Object you want to instantiate is null.
  at UnityEngine.Object.CheckNullArgument (System.Object arg, System.String message) [0x00000] in <filename unknown>:0 
  at UnityEngine.Object.Instantiate (UnityEngine.Object original, Vector3 position, Quaternion rotation) [0x00000] in <filename unknown>:0 
  at UnityEngine.Object.Instantiate[GameObject] (UnityEngine.GameObject original, Vector3 position, Quaternion rotation) [0x00000] in <filename unknown>:0 
  at Platform.OnMouseDown () [0x00000] in <filename unknown>:0 
UnityEngine.GameObject:SendMessage(String, Object, SendMessageOptions)
UnityEngine.HitInfo:SendMessage(String)
UnityEngine.SendMouseEvents:SendEvents(Int32, HitInfo)
UnityEngine.SendMouseEvents:DoSendMouseEvents(Int32)
 
(Filename:  Line: -1)

Standard turret purchased
 
(Filename: C:/buildslave/unity/build/artifacts/generated/common/runtime/DebugBindings.gen.cpp Line: 51)

Can't build there! - TODO: Display on screen.
 
(Filename: C:/buildslave/unity/build/artifacts/generated/common/runtime/DebugBindings.gen.cpp Line: 51)

Another turret purchased
 
(Filename: C:/buildslave/unity/build/artifacts/generated/common/runtime/DebugBindings.gen.cpp Line: 51)

ArgumentException: The Object you want to instantiate is null.
  at UnityEngine.Object.CheckNullArgument (System.Object arg, System.String message) [0x00000] in <filename unknown>:0 
  at UnityEngine.Object.Instantiate (UnityEngine.Object original, Vector3 position, Quaternion rotation) [0x00000] in <filename unknown>:0 
  at UnityEngine.Object.Instantiate[GameObject] (UnityEngine.GameObject original, Vector3 position, Quaternion rotation) [0x00000] in <filename unknown>:0 
  at Platform.OnMouseDown () [0x00000] in <filename unknown>:0 
UnityEngine.GameObject:SendMessage(String, Object, SendMessageOptions)
UnityEngine.HitInfo:SendMessage(String)
UnityEngine.SendMouseEvents:SendEvents(Int32, HitInfo)
UnityEngine.SendMouseEvents:DoSendMouseEvents(Int32)
 
(Filename:  Line: -1)

Standard turret purchased
 
(Filename: C:/buildslave/unity/build/artifacts/generated/common/runtime/DebugBindings.gen.cpp Line: 51)

Can't build there! - TODO: Display on screen.
 
(Filename: C:/buildslave/unity/build/artifacts/generated/common/runtime/DebugBindings.gen.cpp Line: 51)

Can't build there! - TODO: Display on screen.
 
(Filename: C:/buildslave/unity/build/artifacts/generated/common/runtime/DebugBindings.gen.cpp Line: 51)

Can't build there! - TODO: Display on screen.
 
(Filename: C:/buildslave/unity/build/artifacts/generated/common/runtime/DebugBindings.gen.cpp Line: 51)

Can't build there! - TODO: Display on screen.
 
(Filename: C:/buildslave/unity/build/artifacts/generated/common/runtime/DebugBindings.gen.cpp Line: 51)

Can't build there! - TODO: Display on screen.
 
(Filename: C:/buildslave/unity/build/artifacts/generated/common/runtime/DebugBindings.gen.cpp Line: 51)

Can't build there! - TODO: Display on screen.
 
(Filename: C:/buildslave/unity/build/artifacts/generated/common/runtime/DebugBindings.gen.cpp Line: 51)

Can't build there! - TODO: Display on screen.
 
(Filename: C:/buildslave/unity/build/artifacts/generated/common/runtime/DebugBindings.gen.cpp Line: 51)

Can't build there! - TODO: Display on screen.
 
(Filename: C:/buildslave/unity/build/artifacts/generated/common/runtime/DebugBindings.gen.cpp Line: 51)

Can't build there! - TODO: Display on screen.
 
(Filename: C:/buildslave/unity/build/artifacts/generated/common/runtime/DebugBindings.gen.cpp Line: 51)

Can't build there! - TODO: Display on screen.
 
(Filename: C:/buildslave/unity/build/artifacts/generated/common/runtime/DebugBindings.gen.cpp Line: 51)

Can't build there! - TODO: Display on screen.
 
(Filename: C:/buildslave/unity/build/artifacts/generated/common/runtime/DebugBindings.gen.cpp Line: 51)

Can't build there! - TODO: Display on screen.
 
(Filename: C:/buildslave/unity/build/artifacts/generated/common/runtime/DebugBindings.gen.cpp Line: 51)

Can't build there! - TODO: Display on screen.
 
(Filename: C:/buildslave/unity/build/artifacts/generated/common/runtime/DebugBindings.gen.cpp Line: 51)

Can't build there! - TODO: Display on screen.
 
(Filename: C:/buildslave/unity/build/artifacts/generated/common/runtime/DebugBindings.gen.cpp Line: 51)

Can't build there! - TODO: Display on screen.
 
(Filename: C:/buildslave/unity/build/artifacts/generated/common/runtime/DebugBindings.gen.cpp Line: 51)

Can't build there! - TODO: Display on screen.
 
(Filename: C:/buildslave/unity/build/artifacts/generated/common/runtime/DebugBindings.gen.cpp Line: 51)

Can't build there! - TODO: Display on screen.
 
(Filename: C:/buildslave/unity/build/artifacts/generated/common/runtime/DebugBindings.gen.cpp Line: 51)

Can't build there! - TODO: Display on screen.
 
(Filename: C:/buildslave/unity/build/artifacts/generated/common/runtime/DebugBindings.gen.cpp Line: 51)

Can't build there! - TODO: Display on screen.
 
(Filename: C:/buildslave/unity/build/artifacts/generated/common/runtime/DebugBindings.gen.cpp Line: 51)

Can't build there! - TODO: Display on screen.
 
(Filename: C:/buildslave/unity/build/artifacts/generated/common/runtime/DebugBindings.gen.cpp Line: 51)

Can't build there! - TODO: Display on screen.
 
(Filename: C:/buildslave/unity/build/artifacts/generated/common/runtime/DebugBindings.gen.cpp Line: 51)

Can't build there! - TODO: Display on screen.
 
(Filename: C:/buildslave/unity/build/artifacts/generated/common/runtime/DebugBindings.gen.cpp Line: 51)

Can't build there! - TODO: Display on screen.
 
(Filename: C:/buildslave/unity/build/artifacts/generated/common/runtime/DebugBindings.gen.cpp Line: 51)

Can't build there! - TODO: Display on screen.
 
(Filename: C:/buildslave/unity/build/artifacts/generated/common/runtime/DebugBindings.gen.cpp Line: 51)

Can't build there! - TODO: Display on screen.
 
(Filename: C:/buildslave/unity/build/artifacts/generated/common/runtime/DebugBindings.gen.cpp Line: 51)

Can't build there! - TODO: Display on screen.
 
(Filename: C:/buildslave/unity/build/artifacts/generated/common/runtime/DebugBindings.gen.cpp Line: 51)

Can't build there! - TODO: Display on screen.
 
(Filename: C:/buildslave/unity/build/artifacts/generated/common/runtime/DebugBindings.gen.cpp Line: 51)

Can't build there! - TODO: Display on screen.
 
(Filename: C:/buildslave/unity/build/artifacts/generated/common/runtime/DebugBindings.gen.cpp Line: 51)

Can't build there! - TODO: Display on screen.
 
(Filename: C:/buildslave/unity/build/artifacts/generated/common/runtime/DebugBindings.gen.cpp Line: 51)

Can't build there! - TODO: Display on screen.
 
(Filename: C:/buildslave/unity/build/artifacts/generated/common/runtime/DebugBindings.gen.cpp Line: 51)

Can't build there! - TODO: Display on screen.
 
(Filename: C:/buildslave/unity/build/artifacts/generated/common/runtime/DebugBindings.gen.cpp Line: 51)

Can't build there! - TODO: Display on screen.
 
(Filename: C:/buildslave/unity/build/artifacts/generated/common/runtime/DebugBindings.gen.cpp Line: 51)

Can't build there! - TODO: Display on screen.
 
(Filename: C:/buildslave/unity/build/artifacts/generated/common/runtime/DebugBindings.gen.cpp Line: 51)

Can't build there! - TODO: Display on screen.
 
(Filename: C:/buildslave/unity/build/artifacts/generated/common/runtime/DebugBindings.gen.cpp Line: 51)

Can't build there! - TODO: Display on screen.
 
(Filename: C:/buildslave/unity/build/artifacts/generated/common/runtime/DebugBindings.gen.cpp Line: 51)

Can't build there! - TODO: Display on screen.
 
(Filename: C:/buildslave/unity/build/artifacts/generated/common/runtime/DebugBindings.gen.cpp Line: 51)

